<?xml version="1.0" encoding="UTF-8"?>
<coverage generated="1685266936334" clover="3.2.0">
  <project timestamp="1685266936334" name="All files">
    <metrics statements="23" coveredstatements="23" conditionals="5" coveredconditionals="5" methods="4" coveredmethods="4" elements="32" coveredelements="32" complexity="0" loc="23" ncloc="23" packages="2" files="2" classes="2"/>
    <package name="services">
      <metrics statements="11" coveredstatements="11" conditionals="4" coveredconditionals="4" methods="1" coveredmethods="1"/>
      <file name="findCarValueService.ts" path="C:\Users\AJ Evile\Documents\Learning Software Development\MRHQ Level 5\Missions\mission-3\mission-3-v1\src\services\findCarValueService.ts">
        <metrics statements="11" coveredstatements="11" conditionals="4" coveredconditionals="4" methods="1" coveredmethods="1"/>
        <line num="1" count="1" type="stmt"/>
        <line num="3" count="1" type="stmt"/>
        <line num="7" count="12" type="cond" truecount="2" falsecount="0"/>
        <line num="8" count="1" type="stmt"/>
        <line num="9" count="11" type="cond" truecount="1" falsecount="0"/>
        <line num="10" count="1" type="stmt"/>
        <line num="13" count="10" type="cond" truecount="1" falsecount="0"/>
        <line num="14" count="1" type="stmt"/>
        <line num="16" count="9" type="stmt"/>
        <line num="17" count="9" type="stmt"/>
        <line num="19" count="9" type="stmt"/>
      </file>
    </package>
    <package name="services.functions">
      <metrics statements="12" coveredstatements="12" conditionals="1" coveredconditionals="1" methods="3" coveredmethods="3"/>
      <file name="findModelValue.ts" path="C:\Users\AJ Evile\Documents\Learning Software Development\MRHQ Level 5\Missions\mission-3\mission-3-v1\src\services\functions\findModelValue.ts">
        <metrics statements="12" coveredstatements="12" conditionals="1" coveredconditionals="1" methods="3" coveredmethods="3"/>
        <line num="1" count="1" type="stmt"/>
        <line num="2" count="9" type="stmt"/>
        <line num="3" count="9" type="stmt"/>
        <line num="5" count="9" type="stmt"/>
        <line num="7" count="9" type="stmt"/>
        <line num="9" count="9" type="stmt"/>
        <line num="10" count="43" type="stmt"/>
        <line num="12" count="43" type="cond" truecount="1" falsecount="0"/>
        <line num="13" count="33" type="stmt"/>
        <line num="14" count="375" type="stmt"/>
        <line num="16" count="33" type="stmt"/>
        <line num="20" count="9" type="stmt"/>
      </file>
    </package>
  </project>
</coverage>
