TN:
SF:src\services\findCarValueService.ts
FN:3,(anonymous_0)
FNF:1
FNH:1
FNDA:12,(anonymous_0)
DA:1,1
DA:3,1
DA:7,12
DA:8,1
DA:9,11
DA:10,1
DA:13,10
DA:14,1
DA:16,9
DA:17,9
DA:19,9
LF:11
LH:11
BRDA:7,0,0,1
BRDA:7,0,1,11
BRDA:9,1,0,1
BRDA:13,2,0,1
BRF:4
BRH:4
end_of_record
TN:
SF:src\services\functions\findModelValue.ts
FN:1,(anonymous_0)
FN:9,(anonymous_1)
FN:13,(anonymous_2)
FNF:3
FNH:3
FNDA:9,(anonymous_0)
FNDA:43,(anonymous_1)
FNDA:375,(anonymous_2)
DA:1,1
DA:2,9
DA:3,9
DA:5,9
DA:7,9
DA:9,9
DA:10,43
DA:12,43
DA:13,33
DA:14,375
DA:16,33
DA:20,9
LF:12
LH:12
BRDA:12,0,0,33
BRF:1
BRH:1
end_of_record
